<?xml version="1.0" encoding="UTF-8"?>
<testsuite xmlns:xsi="http://www.w3.org/2001/XMLSchema-instance" xsi:noNamespaceSchemaLocation="https://maven.apache.org/surefire/maven-surefire-plugin/xsd/surefire-test-report-3.0.xsd" version="3.0" name="com.example.mapsapi.MapsApiIntegrationServiceApplicationTests" time="2.471" tests="1" errors="0" skipped="0" failures="0">
  <properties>
[...]
</properties>
  <testcase name="contextLoads" classname="com.example.mapsapi.MapsApiIntegrationServiceApplicationTests" time="0.007">
    <system-out><![CDATA[20:51:15.927 [main] INFO org.springframework.test.context.support.AnnotationConfigContextLoaderUtils -- Could not detect default configuration classes for test class [com.example.mapsapi.MapsApiIntegrationServiceApplicationTests]: MapsApiIntegrationServiceApplicationTests does not declare any static, non-private, non-final, nested classes annotated with @Configuration.
20:51:15.994 [main] INFO org.springframework.boot.test.context.SpringBootTestContextBootstrapper -- Found @SpringBootConfiguration com.example.mapsapi.MapsApiIntegrationServiceApplication for test class com.example.mapsapi.MapsApiIntegrationServiceApplicationTests

  .   ____          _            __ _ _
 /\\ / ___'_ __ _ _(_)_ __  __ _ \ \ \ \
( ( )\___ | '_ | '_| | '_ \/ _` | \ \ \ \
 \\/  ___)| |_)| | | | | || (_| |  ) ) ) )
  '  |____| .__|_| |_|_| |_\__, | / / / /
 =========|_|==============|___/=/_/_/_/

 :: Spring Boot ::                (v3.3.4)

2024-10-19T20:51:16.224+05:30  INFO 7732 --- [Maps API Integration Service] [           main] apsApiIntegrationServiceApplicationTests : Starting MapsApiIntegrationServiceApplicationTests using Java 17.0.12 with PID 7732 (started by impacto in /home/impacto/Documents/testing/maps-api-integration)
2024-10-19T20:51:16.225+05:30  INFO 7732 --- [Maps API Integration Service] [           main] apsApiIntegrationServiceApplicationTests : No active profile set, falling back to 1 default profile: "default"
2024-10-19T20:51:16.602+05:30  INFO 7732 --- [Maps API Integration Service] [           main] .s.d.r.c.RepositoryConfigurationDelegate : Bootstrapping Spring Data JPA repositories in DEFAULT mode.
2024-10-19T20:51:16.636+05:30  INFO 7732 --- [Maps API Integration Service] [           main] .s.d.r.c.RepositoryConfigurationDelegate : Finished Spring Data repository scanning in 30 ms. Found 2 JPA repository interfaces.
2024-10-19T20:51:16.968+05:30  INFO 7732 --- [Maps API Integration Service] [           main] o.hibernate.jpa.internal.util.LogHelper  : HHH000204: Processing PersistenceUnitInfo [name: default]
2024-10-19T20:51:17.011+05:30  INFO 7732 --- [Maps API Integration Service] [           main] org.hibernate.Version                    : HHH000412: Hibernate ORM core version 6.5.3.Final
2024-10-19T20:51:17.042+05:30  INFO 7732 --- [Maps API Integration Service] [           main] o.h.c.internal.RegionFactoryInitiator    : HHH000026: Second-level cache disabled
2024-10-19T20:51:17.119+05:30  INFO 7732 --- [Maps API Integration Service] [           main] o.s.o.j.p.SpringPersistenceUnitInfo      : No LoadTimeWeaver setup: ignoring JPA class transformer
2024-10-19T20:51:17.136+05:30  INFO 7732 --- [Maps API Integration Service] [           main] com.zaxxer.hikari.HikariDataSource       : HikariPool-1 - Starting...
2024-10-19T20:51:17.253+05:30  INFO 7732 --- [Maps API Integration Service] [           main] com.zaxxer.hikari.pool.HikariPool        : HikariPool-1 - Added connection org.postgresql.jdbc.PgConnection@25a2f432
2024-10-19T20:51:17.255+05:30  INFO 7732 --- [Maps API Integration Service] [           main] com.zaxxer.hikari.HikariDataSource       : HikariPool-1 - Start completed.
2024-10-19T20:51:17.283+05:30  WARN 7732 --- [Maps API Integration Service] [           main] org.hibernate.orm.deprecation            : HHH90000025: PostgreSQLDialect does not need to be specified explicitly using 'hibernate.dialect' (remove the property setting and it will be selected by default)
2024-10-19T20:51:17.748+05:30  INFO 7732 --- [Maps API Integration Service] [           main] o.h.e.t.j.p.i.JtaPlatformInitiator       : HHH000489: No JTA platform available (set 'hibernate.transaction.jta.platform' to enable JTA platform integration)
2024-10-19T20:51:17.781+05:30  INFO 7732 --- [Maps API Integration Service] [           main] j.LocalContainerEntityManagerFactoryBean : Initialized JPA EntityManagerFactory for persistence unit 'default'
2024-10-19T20:51:18.067+05:30  WARN 7732 --- [Maps API Integration Service] [           main] JpaBaseConfiguration$JpaWebConfiguration : spring.jpa.open-in-view is enabled by default. Therefore, database queries may be performed during view rendering. Explicitly configure spring.jpa.open-in-view to disable this warning
2024-10-19T20:51:18.329+05:30  INFO 7732 --- [Maps API Integration Service] [           main] apsApiIntegrationServiceApplicationTests : Started MapsApiIntegrationServiceApplicationTests in 2.253 seconds (process running for 5.415)
]]></system-out>
  </testcase>
</testsuite>